[debug] [2020-11-19T21:52:36.595Z] ----------------------------------------------------------------------
[debug] [2020-11-19T21:52:36.597Z] Command:       /Users/niketajenerette/.nvm/versions/node/v14.3.0/bin/node /Users/niketajenerette/.nvm/versions/node/v14.3.0/bin/firebase emulators:start
[debug] [2020-11-19T21:52:36.597Z] CLI Version:   8.13.1
[debug] [2020-11-19T21:52:36.597Z] Platform:      darwin
[debug] [2020-11-19T21:52:36.597Z] Node Version:  v14.3.0
[debug] [2020-11-19T21:52:36.603Z] Time:          Thu Nov 19 2020 15:52:36 GMT-0600 (Central Standard Time)
[debug] [2020-11-19T21:52:36.604Z] ----------------------------------------------------------------------
[debug] [2020-11-19T21:52:36.604Z] 
[debug] [2020-11-19T21:52:36.617Z] > command requires scopes: ["email","openid","https://www.googleapis.com/auth/cloudplatformprojects.readonly","https://www.googleapis.com/auth/firebase","https://www.googleapis.com/auth/cloud-platform"]
[debug] [2020-11-19T21:52:36.617Z] > authorizing via signed-in user
[info] i  emulators: Starting emulators: functions {"metadata":{"emulator":{"name":"hub"},"message":"Starting emulators: functions"}}
[debug] [2020-11-19T21:52:36.659Z] [hub] writing locator at /var/folders/b5/ph1000w50t9bkns5s6l8q09c0000gn/T/hub-yourshake-fe77e.json
[warn] ⚠  functions: The following emulators are not running, calls to these services from the Functions emulator will affect production: auth, firestore, database, hosting, pubsub {"metadata":{"emulator":{"name":"functions"},"message":"The following emulators are not running, calls to these services from the Functions emulator will affect production: \u001b[1mauth, firestore, database, hosting, pubsub\u001b[22m"}}
[warn] ⚠  Your requested "node" version "10" doesn't match your global version "14" {"metadata":{"emulator":{"name":"functions"},"message":"Your requested \"node\" version \"10\" doesn't match your global version \"14\""}}
[debug] [2020-11-19T21:52:36.685Z] defaultcredentials: writing to file /Users/niketajenerette/.config/firebase/niketa_jenerette_gmail.com_application_default_credentials.json
[debug] [2020-11-19T21:52:36.689Z] Setting GAC to /Users/niketajenerette/.config/firebase/niketa_jenerette_gmail.com_application_default_credentials.json {"metadata":{"emulator":{"name":"functions"},"message":"Setting GAC to /Users/niketajenerette/.config/firebase/niketa_jenerette_gmail.com_application_default_credentials.json"}}
[debug] [2020-11-19T21:52:36.706Z] Ignoring unsupported arg: auto_download {"metadata":{"emulator":{"name":"ui"},"message":"Ignoring unsupported arg: auto_download"}}
[debug] [2020-11-19T21:52:36.708Z] Ignoring unsupported arg: port {"metadata":{"emulator":{"name":"ui"},"message":"Ignoring unsupported arg: port"}}
[debug] [2020-11-19T21:52:36.708Z] Starting Emulator UI with command {"binary":"node","args":["/Users/niketajenerette/.cache/firebase/emulators/ui-v1.1.1/server.bundle.js"],"optionalArgs":[],"joinArgs":false} {"metadata":{"emulator":{"name":"ui"},"message":"Starting Emulator UI with command {\"binary\":\"node\",\"args\":[\"/Users/niketajenerette/.cache/firebase/emulators/ui-v1.1.1/server.bundle.js\"],\"optionalArgs\":[],\"joinArgs\":false}"}}
[info] i  ui: Emulator UI logging to ui-debug.log {"metadata":{"emulator":{"name":"ui"},"message":"Emulator UI logging to \u001b[1mui-debug.log\u001b[22m"}}
[debug] [2020-11-19T21:52:36.880Z] Web / API server started at http://localhost:4000
 {"metadata":{"emulator":{"name":"ui"},"message":"Web / API server started at http://localhost:4000\n"}}
[info] i  functions: Watching "/Users/niketajenerette/Flatiron/code/YourShake-Project/yourshake2/functions" for Cloud Functions... {"metadata":{"emulator":{"name":"functions"},"message":"Watching \"/Users/niketajenerette/Flatiron/code/YourShake-Project/yourshake2/functions\" for Cloud Functions..."}}
[debug] [2020-11-19T21:52:37.021Z] [worker-pool] addWorker(~diagnostic~) {"metadata":{"emulator":{"name":"functions"},"message":"[worker-pool] addWorker(~diagnostic~)"}}
[debug] [2020-11-19T21:52:37.022Z] [worker-pool] Adding worker with key ~diagnostic~, total=1 {"metadata":{"emulator":{"name":"functions"},"message":"[worker-pool] Adding worker with key ~diagnostic~, total=1"}}
[debug] [2020-11-19T21:52:37.022Z] [worker-pool] submitWork(triggerId=) {"metadata":{"emulator":{"name":"functions"},"message":"[worker-pool] submitWork(triggerId=)"}}
[debug] [2020-11-19T21:52:37.022Z] [worker-~diagnostic~-fa474a6b-6c68-49b8-bcc6-aac80ec52704]: Assigning socketPath: /var/folders/b5/ph1000w50t9bkns5s6l8q09c0000gn/T/fire_emu_8330.sock {"metadata":{"emulator":{"name":"functions"},"message":"[worker-~diagnostic~-fa474a6b-6c68-49b8-bcc6-aac80ec52704]: Assigning socketPath: /var/folders/b5/ph1000w50t9bkns5s6l8q09c0000gn/T/fire_emu_8330.sock"}}
[debug] [2020-11-19T21:52:37.022Z] [worker-~diagnostic~-fa474a6b-6c68-49b8-bcc6-aac80ec52704]: BUSY {"metadata":{"emulator":{"name":"functions"},"message":"[worker-~diagnostic~-fa474a6b-6c68-49b8-bcc6-aac80ec52704]: BUSY"}}
[debug] [2020-11-19T21:52:37.250Z] [runtime-status] [8330] Functions runtime initialized. {"cwd":"/Users/niketajenerette/Flatiron/code/YourShake-Project/yourshake2/functions","node_version":"14.3.0"} {"metadata":{"emulator":{"name":"functions"},"message":"[runtime-status] [8330] Functions runtime initialized. {\"cwd\":\"/Users/niketajenerette/Flatiron/code/YourShake-Project/yourshake2/functions\",\"node_version\":\"14.3.0\"}"}}
[debug] [2020-11-19T21:52:37.252Z] [runtime-status] [8330] Disabled runtime features: undefined {"metadata":{"emulator":{"name":"functions"},"message":"[runtime-status] [8330] Disabled runtime features: undefined"}}
[debug] [2020-11-19T21:52:37.259Z] [runtime-status] [8330] Resolved module firebase-admin {"declared":true,"installed":true,"version":"8.13.0","resolution":"/Users/niketajenerette/Flatiron/code/YourShake-Project/yourshake2/functions/node_modules/firebase-admin/lib/index.js"} {"metadata":{"emulator":{"name":"functions"},"message":"[runtime-status] [8330] Resolved module firebase-admin {\"declared\":true,\"installed\":true,\"version\":\"8.13.0\",\"resolution\":\"/Users/niketajenerette/Flatiron/code/YourShake-Project/yourshake2/functions/node_modules/firebase-admin/lib/index.js\"}"}}
[debug] [2020-11-19T21:52:37.263Z] [runtime-status] [8330] Resolved module firebase-functions {"declared":true,"installed":true,"version":"3.11.0","resolution":"/Users/niketajenerette/Flatiron/code/YourShake-Project/yourshake2/functions/node_modules/firebase-functions/lib/index.js"} {"metadata":{"emulator":{"name":"functions"},"message":"[runtime-status] [8330] Resolved module firebase-functions {\"declared\":true,\"installed\":true,\"version\":\"3.11.0\",\"resolution\":\"/Users/niketajenerette/Flatiron/code/YourShake-Project/yourshake2/functions/node_modules/firebase-functions/lib/index.js\"}"}}
[debug] [2020-11-19T21:52:37.264Z] [runtime-status] [8330] Resolved module firebase-functions {"declared":true,"installed":true,"version":"3.11.0","resolution":"/Users/niketajenerette/Flatiron/code/YourShake-Project/yourshake2/functions/node_modules/firebase-functions/lib/index.js"} {"metadata":{"emulator":{"name":"functions"},"message":"[runtime-status] [8330] Resolved module firebase-functions {\"declared\":true,\"installed\":true,\"version\":\"3.11.0\",\"resolution\":\"/Users/niketajenerette/Flatiron/code/YourShake-Project/yourshake2/functions/node_modules/firebase-functions/lib/index.js\"}"}}
[debug] [2020-11-19T21:52:37.266Z] [runtime-status] [8330] Outgoing network have been stubbed. [{"name":"http","status":"mocked"},{"name":"http","status":"mocked"},{"name":"https","status":"mocked"},{"name":"https","status":"mocked"},{"name":"net","status":"mocked"}] {"metadata":{"emulator":{"name":"functions"},"message":"[runtime-status] [8330] Outgoing network have been stubbed. [{\"name\":\"http\",\"status\":\"mocked\"},{\"name\":\"http\",\"status\":\"mocked\"},{\"name\":\"https\",\"status\":\"mocked\"},{\"name\":\"https\",\"status\":\"mocked\"},{\"name\":\"net\",\"status\":\"mocked\"}]"}}
[debug] [2020-11-19T21:52:37.266Z] [runtime-status] [8330] Resolved module firebase-functions {"declared":true,"installed":true,"version":"3.11.0","resolution":"/Users/niketajenerette/Flatiron/code/YourShake-Project/yourshake2/functions/node_modules/firebase-functions/lib/index.js"} {"metadata":{"emulator":{"name":"functions"},"message":"[runtime-status] [8330] Resolved module firebase-functions {\"declared\":true,\"installed\":true,\"version\":\"3.11.0\",\"resolution\":\"/Users/niketajenerette/Flatiron/code/YourShake-Project/yourshake2/functions/node_modules/firebase-functions/lib/index.js\"}"}}
[debug] [2020-11-19T21:52:37.329Z] [runtime-status] [8330] Checked functions.config() {"config":{}} {"metadata":{"emulator":{"name":"functions"},"message":"[runtime-status] [8330] Checked functions.config() {\"config\":{}}"}}
[debug] [2020-11-19T21:52:37.330Z] [runtime-status] [8330] firebase-functions has been stubbed. {"functionsResolution":{"declared":true,"installed":true,"version":"3.11.0","resolution":"/Users/niketajenerette/Flatiron/code/YourShake-Project/yourshake2/functions/node_modules/firebase-functions/lib/index.js"}} {"metadata":{"emulator":{"name":"functions"},"message":"[runtime-status] [8330] firebase-functions has been stubbed. {\"functionsResolution\":{\"declared\":true,\"installed\":true,\"version\":\"3.11.0\",\"resolution\":\"/Users/niketajenerette/Flatiron/code/YourShake-Project/yourshake2/functions/node_modules/firebase-functions/lib/index.js\"}}"}}
[debug] [2020-11-19T21:52:37.330Z] [runtime-status] [8330] Resolved module firebase-functions {"declared":true,"installed":true,"version":"3.11.0","resolution":"/Users/niketajenerette/Flatiron/code/YourShake-Project/yourshake2/functions/node_modules/firebase-functions/lib/index.js"} {"metadata":{"emulator":{"name":"functions"},"message":"[runtime-status] [8330] Resolved module firebase-functions {\"declared\":true,\"installed\":true,\"version\":\"3.11.0\",\"resolution\":\"/Users/niketajenerette/Flatiron/code/YourShake-Project/yourshake2/functions/node_modules/firebase-functions/lib/index.js\"}"}}
[debug] [2020-11-19T21:52:37.331Z] [runtime-status] [8330] Resolved module firebase-admin {"declared":true,"installed":true,"version":"8.13.0","resolution":"/Users/niketajenerette/Flatiron/code/YourShake-Project/yourshake2/functions/node_modules/firebase-admin/lib/index.js"} {"metadata":{"emulator":{"name":"functions"},"message":"[runtime-status] [8330] Resolved module firebase-admin {\"declared\":true,\"installed\":true,\"version\":\"8.13.0\",\"resolution\":\"/Users/niketajenerette/Flatiron/code/YourShake-Project/yourshake2/functions/node_modules/firebase-admin/lib/index.js\"}"}}
[debug] [2020-11-19T21:52:37.332Z] [runtime-status] [8330] Resolved module firebase-functions {"declared":true,"installed":true,"version":"3.11.0","resolution":"/Users/niketajenerette/Flatiron/code/YourShake-Project/yourshake2/functions/node_modules/firebase-functions/lib/index.js"} {"metadata":{"emulator":{"name":"functions"},"message":"[runtime-status] [8330] Resolved module firebase-functions {\"declared\":true,\"installed\":true,\"version\":\"3.11.0\",\"resolution\":\"/Users/niketajenerette/Flatiron/code/YourShake-Project/yourshake2/functions/node_modules/firebase-functions/lib/index.js\"}"}}
[debug] [2020-11-19T21:52:37.332Z] [runtime-status] [8330] firebase-admin has been stubbed. {"adminResolution":{"declared":true,"installed":true,"version":"8.13.0","resolution":"/Users/niketajenerette/Flatiron/code/YourShake-Project/yourshake2/functions/node_modules/firebase-admin/lib/index.js"}} {"metadata":{"emulator":{"name":"functions"},"message":"[runtime-status] [8330] firebase-admin has been stubbed. {\"adminResolution\":{\"declared\":true,\"installed\":true,\"version\":\"8.13.0\",\"resolution\":\"/Users/niketajenerette/Flatiron/code/YourShake-Project/yourshake2/functions/node_modules/firebase-admin/lib/index.js\"}}"}}
[info] ✔  functions[api]: http function initialized (http://localhost:5001/yourshake-fe77e/us-central1/api). {"metadata":{"emulator":{"name":"functions"},"message":"\u001b[1mhttp\u001b[22m function initialized (http://localhost:5001/yourshake-fe77e/us-central1/api)."}}
[info] 
┌───────────────────────────────────────────────────────────────────────┐
│ ✔  All emulators ready! View status and logs at http://localhost:4000 │
└───────────────────────────────────────────────────────────────────────┘

┌───────────┬────────────────┬─────────────────────────────────┐
│ Emulator  │ Host:Port      │ View in Emulator UI             │
├───────────┼────────────────┼─────────────────────────────────┤
│ Functions │ localhost:5001 │ http://localhost:4000/functions │
└───────────┴────────────────┴─────────────────────────────────┘
  Other reserved ports: 4400, 4500

Issues? Report them at https://github.com/firebase/firebase-tools/issues and attach the *-debug.log files.
 
[debug] [2020-11-19T21:52:37.617Z] [worker-~diagnostic~-fa474a6b-6c68-49b8-bcc6-aac80ec52704]: IDLE {"metadata":{"emulator":{"name":"functions"},"message":"[worker-~diagnostic~-fa474a6b-6c68-49b8-bcc6-aac80ec52704]: IDLE"}}
[debug] [2020-11-19T22:49:48.562Z] [work-queue] {"queueLength":1,"workRunningCount":0}
[debug] [2020-11-19T22:49:48.566Z] [work-queue] {"queueLength":0,"workRunningCount":1}
[debug] [2020-11-19T22:49:48.567Z] Accepted request POST /yourshake-fe77e/us-central1/api/payments/create?total=2999 --> api
[debug] [2020-11-19T22:49:48.584Z] [worker-pool] addWorker(api) {"metadata":{"emulator":{"name":"functions"},"message":"[worker-pool] addWorker(api)"}}
[debug] [2020-11-19T22:49:48.585Z] [worker-pool] Adding worker with key api, total=1 {"metadata":{"emulator":{"name":"functions"},"message":"[worker-pool] Adding worker with key api, total=1"}}
[debug] [2020-11-19T22:49:48.585Z] [worker-pool] submitWork(triggerId=api) {"metadata":{"emulator":{"name":"functions"},"message":"[worker-pool] submitWork(triggerId=api)"}}
[debug] [2020-11-19T22:49:48.586Z] [worker-api-0120341b-9e36-448e-86e2-c7773ee10ded]: Assigning socketPath: /var/folders/b5/ph1000w50t9bkns5s6l8q09c0000gn/T/fire_emu_8829.sock {"metadata":{"emulator":{"name":"functions"},"message":"[worker-api-0120341b-9e36-448e-86e2-c7773ee10ded]: Assigning socketPath: /var/folders/b5/ph1000w50t9bkns5s6l8q09c0000gn/T/fire_emu_8829.sock"}}
[debug] [2020-11-19T22:49:48.586Z] [worker-api-0120341b-9e36-448e-86e2-c7773ee10ded]: BUSY {"metadata":{"emulator":{"name":"functions"},"message":"[worker-api-0120341b-9e36-448e-86e2-c7773ee10ded]: BUSY"}}
[debug] [2020-11-19T22:49:49.844Z] [runtime-status] [8829] Functions runtime initialized. {"cwd":"/Users/niketajenerette/Flatiron/code/YourShake-Project/yourshake2/functions","node_version":"14.3.0"} {"metadata":{"emulator":{"name":"functions"},"function":{"name":"api"},"message":"[runtime-status] [8829] Functions runtime initialized. {\"cwd\":\"/Users/niketajenerette/Flatiron/code/YourShake-Project/yourshake2/functions\",\"node_version\":\"14.3.0\"}"}}
[debug] [2020-11-19T22:49:49.846Z] [runtime-status] [8829] Disabled runtime features: undefined {"metadata":{"emulator":{"name":"functions"},"function":{"name":"api"},"message":"[runtime-status] [8829] Disabled runtime features: undefined"}}
[debug] [2020-11-19T22:49:49.849Z] [runtime-status] [8829] Resolved module firebase-admin {"declared":true,"installed":true,"version":"8.13.0","resolution":"/Users/niketajenerette/Flatiron/code/YourShake-Project/yourshake2/functions/node_modules/firebase-admin/lib/index.js"} {"metadata":{"emulator":{"name":"functions"},"function":{"name":"api"},"message":"[runtime-status] [8829] Resolved module firebase-admin {\"declared\":true,\"installed\":true,\"version\":\"8.13.0\",\"resolution\":\"/Users/niketajenerette/Flatiron/code/YourShake-Project/yourshake2/functions/node_modules/firebase-admin/lib/index.js\"}"}}
[debug] [2020-11-19T22:49:49.856Z] [runtime-status] [8829] Resolved module firebase-functions {"declared":true,"installed":true,"version":"3.11.0","resolution":"/Users/niketajenerette/Flatiron/code/YourShake-Project/yourshake2/functions/node_modules/firebase-functions/lib/index.js"} {"metadata":{"emulator":{"name":"functions"},"function":{"name":"api"},"message":"[runtime-status] [8829] Resolved module firebase-functions {\"declared\":true,\"installed\":true,\"version\":\"3.11.0\",\"resolution\":\"/Users/niketajenerette/Flatiron/code/YourShake-Project/yourshake2/functions/node_modules/firebase-functions/lib/index.js\"}"}}
[debug] [2020-11-19T22:49:49.860Z] [runtime-status] [8829] Resolved module firebase-functions {"declared":true,"installed":true,"version":"3.11.0","resolution":"/Users/niketajenerette/Flatiron/code/YourShake-Project/yourshake2/functions/node_modules/firebase-functions/lib/index.js"} {"metadata":{"emulator":{"name":"functions"},"function":{"name":"api"},"message":"[runtime-status] [8829] Resolved module firebase-functions {\"declared\":true,\"installed\":true,\"version\":\"3.11.0\",\"resolution\":\"/Users/niketajenerette/Flatiron/code/YourShake-Project/yourshake2/functions/node_modules/firebase-functions/lib/index.js\"}"}}
[debug] [2020-11-19T22:49:49.860Z] [runtime-status] [8829] Outgoing network have been stubbed. [{"name":"http","status":"mocked"},{"name":"http","status":"mocked"},{"name":"https","status":"mocked"},{"name":"https","status":"mocked"},{"name":"net","status":"mocked"}] {"metadata":{"emulator":{"name":"functions"},"function":{"name":"api"},"message":"[runtime-status] [8829] Outgoing network have been stubbed. [{\"name\":\"http\",\"status\":\"mocked\"},{\"name\":\"http\",\"status\":\"mocked\"},{\"name\":\"https\",\"status\":\"mocked\"},{\"name\":\"https\",\"status\":\"mocked\"},{\"name\":\"net\",\"status\":\"mocked\"}]"}}
[debug] [2020-11-19T22:49:49.860Z] [runtime-status] [8829] Resolved module firebase-functions {"declared":true,"installed":true,"version":"3.11.0","resolution":"/Users/niketajenerette/Flatiron/code/YourShake-Project/yourshake2/functions/node_modules/firebase-functions/lib/index.js"} {"metadata":{"emulator":{"name":"functions"},"function":{"name":"api"},"message":"[runtime-status] [8829] Resolved module firebase-functions {\"declared\":true,\"installed\":true,\"version\":\"3.11.0\",\"resolution\":\"/Users/niketajenerette/Flatiron/code/YourShake-Project/yourshake2/functions/node_modules/firebase-functions/lib/index.js\"}"}}
[debug] [2020-11-19T22:49:49.927Z] [runtime-status] [8829] Checked functions.config() {"config":{}} {"metadata":{"emulator":{"name":"functions"},"function":{"name":"api"},"message":"[runtime-status] [8829] Checked functions.config() {\"config\":{}}"}}
[debug] [2020-11-19T22:49:49.927Z] [runtime-status] [8829] firebase-functions has been stubbed. {"functionsResolution":{"declared":true,"installed":true,"version":"3.11.0","resolution":"/Users/niketajenerette/Flatiron/code/YourShake-Project/yourshake2/functions/node_modules/firebase-functions/lib/index.js"}} {"metadata":{"emulator":{"name":"functions"},"function":{"name":"api"},"message":"[runtime-status] [8829] firebase-functions has been stubbed. {\"functionsResolution\":{\"declared\":true,\"installed\":true,\"version\":\"3.11.0\",\"resolution\":\"/Users/niketajenerette/Flatiron/code/YourShake-Project/yourshake2/functions/node_modules/firebase-functions/lib/index.js\"}}"}}
[debug] [2020-11-19T22:49:49.927Z] [runtime-status] [8829] Resolved module firebase-functions {"declared":true,"installed":true,"version":"3.11.0","resolution":"/Users/niketajenerette/Flatiron/code/YourShake-Project/yourshake2/functions/node_modules/firebase-functions/lib/index.js"} {"metadata":{"emulator":{"name":"functions"},"function":{"name":"api"},"message":"[runtime-status] [8829] Resolved module firebase-functions {\"declared\":true,\"installed\":true,\"version\":\"3.11.0\",\"resolution\":\"/Users/niketajenerette/Flatiron/code/YourShake-Project/yourshake2/functions/node_modules/firebase-functions/lib/index.js\"}"}}
[debug] [2020-11-19T22:49:49.928Z] [runtime-status] [8829] Resolved module firebase-admin {"declared":true,"installed":true,"version":"8.13.0","resolution":"/Users/niketajenerette/Flatiron/code/YourShake-Project/yourshake2/functions/node_modules/firebase-admin/lib/index.js"} {"metadata":{"emulator":{"name":"functions"},"function":{"name":"api"},"message":"[runtime-status] [8829] Resolved module firebase-admin {\"declared\":true,\"installed\":true,\"version\":\"8.13.0\",\"resolution\":\"/Users/niketajenerette/Flatiron/code/YourShake-Project/yourshake2/functions/node_modules/firebase-admin/lib/index.js\"}"}}
[debug] [2020-11-19T22:49:49.929Z] [runtime-status] [8829] Resolved module firebase-functions {"declared":true,"installed":true,"version":"3.11.0","resolution":"/Users/niketajenerette/Flatiron/code/YourShake-Project/yourshake2/functions/node_modules/firebase-functions/lib/index.js"} {"metadata":{"emulator":{"name":"functions"},"function":{"name":"api"},"message":"[runtime-status] [8829] Resolved module firebase-functions {\"declared\":true,\"installed\":true,\"version\":\"3.11.0\",\"resolution\":\"/Users/niketajenerette/Flatiron/code/YourShake-Project/yourshake2/functions/node_modules/firebase-functions/lib/index.js\"}"}}
[debug] [2020-11-19T22:49:49.929Z] [runtime-status] [8829] firebase-admin has been stubbed. {"adminResolution":{"declared":true,"installed":true,"version":"8.13.0","resolution":"/Users/niketajenerette/Flatiron/code/YourShake-Project/yourshake2/functions/node_modules/firebase-admin/lib/index.js"}} {"metadata":{"emulator":{"name":"functions"},"function":{"name":"api"},"message":"[runtime-status] [8829] firebase-admin has been stubbed. {\"adminResolution\":{\"declared\":true,\"installed\":true,\"version\":\"8.13.0\",\"resolution\":\"/Users/niketajenerette/Flatiron/code/YourShake-Project/yourshake2/functions/node_modules/firebase-admin/lib/index.js\"}}"}}
[debug] [2020-11-19T22:49:50.281Z] [runtime-status] [8829] Trigger "api" has been found, beginning invocation! {"metadata":{"emulator":{"name":"functions"},"function":{"name":"api"},"message":"[runtime-status] [8829] Trigger \"api\" has been found, beginning invocation!"}}
[info] i  functions: Beginning execution of "api" {"metadata":{"emulator":{"name":"functions"},"function":{"name":"api"},"message":"Beginning execution of \"api\""}}
[debug] [2020-11-19T22:49:50.282Z] [runtime-status] [8829] triggerDefinition {"httpsTrigger":{},"name":"api","entryPoint":"api"} {"metadata":{"emulator":{"name":"functions"},"function":{"name":"api"},"message":"[runtime-status] [8829] triggerDefinition {\"httpsTrigger\":{},\"name\":\"api\",\"entryPoint\":\"api\"}"}}
[debug] [2020-11-19T22:49:50.283Z] [runtime-status] [8829] Running api in mode HTTPS {"metadata":{"emulator":{"name":"functions"},"function":{"name":"api"},"message":"[runtime-status] [8829] Running api in mode HTTPS"}}
[debug] [2020-11-19T22:49:50.334Z] [runtime-status] [8829] Attempting to listen to socketPath: /var/folders/b5/ph1000w50t9bkns5s6l8q09c0000gn/T/fire_emu_8829.sock {"metadata":{"emulator":{"name":"functions"},"function":{"name":"api"},"message":"[runtime-status] [8829] Attempting to listen to socketPath: /var/folders/b5/ph1000w50t9bkns5s6l8q09c0000gn/T/fire_emu_8829.sock"}}
[debug] [2020-11-19T22:49:50.340Z] [functions] Runtime ready! Sending request! {"metadata":{"emulator":{"name":"functions"},"message":"[functions] Runtime ready! Sending request!"}}
[debug] [2020-11-19T22:49:50.368Z] [runtime-status] [8829] Ephemeral server handling POST request {"metadata":{"emulator":{"name":"functions"},"function":{"name":"api"},"message":"[runtime-status] [8829] Ephemeral server handling POST request"}}
[info] >  Payment request received BOOM!! 2999 {"user":"Payment request received BOOM!! 2999","metadata":{"emulator":{"name":"functions"},"function":{"name":"api"},"message":"\u001b[90m> \u001b[39m Payment request received BOOM!! 2999"}}
[debug] [2020-11-19T22:49:50.425Z] [runtime-status] [8829] Ephemeral server survived. {"metadata":{"emulator":{"name":"functions"},"function":{"name":"api"},"message":"[runtime-status] [8829] Ephemeral server survived."}}
[info] i  functions: Finished "api" in ~1s {"metadata":{"emulator":{"name":"functions"},"function":{"name":"api"},"message":"Finished \"api\" in ~1s"}}
[debug] [2020-11-19T22:49:50.973Z] [worker-api-0120341b-9e36-448e-86e2-c7773ee10ded]: IDLE {"metadata":{"emulator":{"name":"functions"},"message":"[worker-api-0120341b-9e36-448e-86e2-c7773ee10ded]: IDLE"}}
[debug] [2020-11-19T22:49:50.973Z] [work-queue] {"queueLength":0,"workRunningCount":0}
[debug] [2020-11-19T23:34:31.942Z] [work-queue] {"queueLength":1,"workRunningCount":0}
[debug] [2020-11-19T23:34:31.944Z] [work-queue] {"queueLength":0,"workRunningCount":1}
[debug] [2020-11-19T23:34:31.944Z] Accepted request POST /yourshake-fe77e/us-central1/api/payments/create?total=5398 --> api
[debug] [2020-11-19T23:34:31.946Z] [worker-pool] submitWork(triggerId=api) {"metadata":{"emulator":{"name":"functions"},"message":"[worker-pool] submitWork(triggerId=api)"}}
[debug] [2020-11-19T23:34:31.946Z] [worker-api-0120341b-9e36-448e-86e2-c7773ee10ded]: Assigning socketPath: /var/folders/b5/ph1000w50t9bkns5s6l8q09c0000gn/T/fire_emu_8829.sock {"metadata":{"emulator":{"name":"functions"},"message":"[worker-api-0120341b-9e36-448e-86e2-c7773ee10ded]: Assigning socketPath: /var/folders/b5/ph1000w50t9bkns5s6l8q09c0000gn/T/fire_emu_8829.sock"}}
[debug] [2020-11-19T23:34:31.946Z] [worker-api-0120341b-9e36-448e-86e2-c7773ee10ded]: BUSY {"metadata":{"emulator":{"name":"functions"},"message":"[worker-api-0120341b-9e36-448e-86e2-c7773ee10ded]: BUSY"}}
[debug] [2020-11-19T23:34:31.966Z] [runtime-status] [8829] Trigger "api" has been found, beginning invocation! {"metadata":{"emulator":{"name":"functions"},"function":{"name":"api"},"message":"[runtime-status] [8829] Trigger \"api\" has been found, beginning invocation!"}}
[info] i  functions: Beginning execution of "api" {"metadata":{"emulator":{"name":"functions"},"function":{"name":"api"},"message":"Beginning execution of \"api\""}}
[debug] [2020-11-19T23:34:31.969Z] [runtime-status] [8829] triggerDefinition {"httpsTrigger":{},"name":"api","entryPoint":"api"} {"metadata":{"emulator":{"name":"functions"},"function":{"name":"api"},"message":"[runtime-status] [8829] triggerDefinition {\"httpsTrigger\":{},\"name\":\"api\",\"entryPoint\":\"api\"}"}}
[debug] [2020-11-19T23:34:31.969Z] [runtime-status] [8829] Running api in mode HTTPS {"metadata":{"emulator":{"name":"functions"},"function":{"name":"api"},"message":"[runtime-status] [8829] Running api in mode HTTPS"}}
[debug] [2020-11-19T23:34:31.974Z] [runtime-status] [8829] Attempting to listen to socketPath: /var/folders/b5/ph1000w50t9bkns5s6l8q09c0000gn/T/fire_emu_8829.sock {"metadata":{"emulator":{"name":"functions"},"function":{"name":"api"},"message":"[runtime-status] [8829] Attempting to listen to socketPath: /var/folders/b5/ph1000w50t9bkns5s6l8q09c0000gn/T/fire_emu_8829.sock"}}
[debug] [2020-11-19T23:34:31.979Z] [functions] Runtime ready! Sending request! {"metadata":{"emulator":{"name":"functions"},"message":"[functions] Runtime ready! Sending request!"}}
[debug] [2020-11-19T23:34:32.007Z] [runtime-status] [8829] Ephemeral server handling POST request {"metadata":{"emulator":{"name":"functions"},"function":{"name":"api"},"message":"[runtime-status] [8829] Ephemeral server handling POST request"}}
[info] >  Payment request received BOOM!! 5398 {"user":"Payment request received BOOM!! 5398","metadata":{"emulator":{"name":"functions"},"function":{"name":"api"},"message":"\u001b[90m> \u001b[39m Payment request received BOOM!! 5398"}}
[debug] [2020-11-19T23:34:32.018Z] [runtime-status] [8829] Ephemeral server survived. {"metadata":{"emulator":{"name":"functions"},"function":{"name":"api"},"message":"[runtime-status] [8829] Ephemeral server survived."}}
[info] i  functions: Finished "api" in ~1s {"metadata":{"emulator":{"name":"functions"},"function":{"name":"api"},"message":"Finished \"api\" in ~1s"}}
[debug] [2020-11-19T23:34:32.446Z] [worker-api-0120341b-9e36-448e-86e2-c7773ee10ded]: IDLE {"metadata":{"emulator":{"name":"functions"},"message":"[worker-api-0120341b-9e36-448e-86e2-c7773ee10ded]: IDLE"}}
[debug] [2020-11-19T23:34:32.446Z] [work-queue] {"queueLength":0,"workRunningCount":0}
